{"/Users/katunli/Dev/Projects/DryEye/dist-electron/main.js": {"path":"/Users/katunli/Dev/Projects/DryEye/dist-electron/main.js","statementMap":{"0":{"start":{"line":5,"column":0},"end":{"line":5,"column":31}},"1":{"start":{"line":6,"column":18},"end":{"line":6,"column":62}},"2":{"start":{"line":7,"column":0},"end":{"line":7,"column":50}},"3":{"start":{"line":8,"column":28},"end":{"line":8,"column":62}},"4":{"start":{"line":9,"column":18},"end":{"line":9,"column":66}},"5":{"start":{"line":10,"column":22},"end":{"line":10,"column":61}},"6":{"start":{"line":11,"column":0},"end":{"line":11,"column":106}},"7":{"start":{"line":14,"column":2},"end":{"line":19,"column":5}},"8":{"start":{"line":20,"column":2},"end":{"line":22,"column":5}},"9":{"start":{"line":21,"column":4},"end":{"line":21,"column":119}},"10":{"start":{"line":23,"column":2},"end":{"line":27,"column":3}},"11":{"start":{"line":24,"column":4},"end":{"line":24,"column":37}},"12":{"start":{"line":26,"column":4},"end":{"line":26,"column":57}},"13":{"start":{"line":29,"column":0},"end":{"line":34,"column":3}},"14":{"start":{"line":30,"column":2},"end":{"line":33,"column":3}},"15":{"start":{"line":31,"column":4},"end":{"line":31,"column":15}},"16":{"start":{"line":32,"column":4},"end":{"line":32,"column":15}},"17":{"start":{"line":35,"column":0},"end":{"line":39,"column":3}},"18":{"start":{"line":36,"column":2},"end":{"line":38,"column":3}},"19":{"start":{"line":37,"column":4},"end":{"line":37,"column":19}},"20":{"start":{"line":40,"column":0},"end":{"line":40,"column":35}}},"fnMap":{"0":{"name":"createWindow","decl":{"start":{"line":13,"column":9},"end":{"line":13,"column":21}},"loc":{"start":{"line":13,"column":24},"end":{"line":28,"column":1}}},"1":{"name":"(anonymous_1)","decl":{"start":{"line":20,"column":40},"end":{"line":20,"column":41}},"loc":{"start":{"line":20,"column":46},"end":{"line":22,"column":3}}},"2":{"name":"(anonymous_2)","decl":{"start":{"line":29,"column":28},"end":{"line":29,"column":29}},"loc":{"start":{"line":29,"column":34},"end":{"line":34,"column":1}}},"3":{"name":"(anonymous_3)","decl":{"start":{"line":35,"column":19},"end":{"line":35,"column":20}},"loc":{"start":{"line":35,"column":25},"end":{"line":39,"column":1}}}},"branchMap":{"0":{"loc":{"start":{"line":11,"column":26},"end":{"line":11,"column":105}},"type":"cond-expr","locations":[{"start":{"line":11,"column":48},"end":{"line":11,"column":89}},{"start":{"line":11,"column":92},"end":{"line":11,"column":105}}]},"1":{"loc":{"start":{"line":21,"column":4},"end":{"line":21,"column":118}},"type":"cond-expr","locations":[{"start":{"line":21,"column":18},"end":{"line":21,"column":24}},{"start":{"line":21,"column":27},"end":{"line":21,"column":118}}]},"2":{"loc":{"start":{"line":23,"column":2},"end":{"line":27,"column":3}},"type":"if","locations":[{"start":{"line":23,"column":2},"end":{"line":27,"column":3}},{"start":{"line":25,"column":9},"end":{"line":27,"column":3}}]},"3":{"loc":{"start":{"line":30,"column":2},"end":{"line":33,"column":3}},"type":"if","locations":[{"start":{"line":30,"column":2},"end":{"line":33,"column":3}},{"start":{},"end":{}}]},"4":{"loc":{"start":{"line":36,"column":2},"end":{"line":38,"column":3}},"type":"if","locations":[{"start":{"line":36,"column":2},"end":{"line":38,"column":3}},{"start":{},"end":{}}]}},"s":{"0":0,"1":0,"2":0,"3":0,"4":0,"5":0,"6":0,"7":0,"8":0,"9":0,"10":0,"11":0,"12":0,"13":0,"14":0,"15":0,"16":0,"17":0,"18":0,"19":0,"20":0},"f":{"0":0,"1":0,"2":0,"3":0},"b":{"0":[0,0],"1":[0,0],"2":[0,0],"3":[0,0],"4":[0,0]}}
,"/Users/katunli/Dev/Projects/DryEye/dist-electron/preload.mjs": {"path":"/Users/katunli/Dev/Projects/DryEye/dist-electron/preload.mjs","statementMap":{"0":{"start":{"line":2,"column":17},"end":{"line":2,"column":36}},"1":{"start":{"line":3,"column":0},"end":{"line":22,"column":3}},"2":{"start":{"line":5,"column":32},"end":{"line":5,"column":36}},"3":{"start":{"line":6,"column":4},"end":{"line":6,"column":92}},"4":{"start":{"line":6,"column":65},"end":{"line":6,"column":90}},"5":{"start":{"line":9,"column":31},"end":{"line":9,"column":35}},"6":{"start":{"line":10,"column":4},"end":{"line":10,"column":54}},"7":{"start":{"line":13,"column":31},"end":{"line":13,"column":35}},"8":{"start":{"line":14,"column":4},"end":{"line":14,"column":55}},"9":{"start":{"line":17,"column":31},"end":{"line":17,"column":35}},"10":{"start":{"line":18,"column":4},"end":{"line":18,"column":57}}},"fnMap":{"0":{"name":"(anonymous_0)","decl":{"start":{"line":4,"column":2},"end":{"line":4,"column":4}},"loc":{"start":{"line":4,"column":14},"end":{"line":7,"column":3}}},"1":{"name":"(anonymous_1)","decl":{"start":{"line":6,"column":44},"end":{"line":6,"column":45}},"loc":{"start":{"line":6,"column":65},"end":{"line":6,"column":90}}},"2":{"name":"(anonymous_2)","decl":{"start":{"line":8,"column":2},"end":{"line":8,"column":5}},"loc":{"start":{"line":8,"column":15},"end":{"line":11,"column":3}}},"3":{"name":"(anonymous_3)","decl":{"start":{"line":12,"column":2},"end":{"line":12,"column":6}},"loc":{"start":{"line":12,"column":16},"end":{"line":15,"column":3}}},"4":{"name":"(anonymous_4)","decl":{"start":{"line":16,"column":2},"end":{"line":16,"column":8}},"loc":{"start":{"line":16,"column":18},"end":{"line":19,"column":3}}}},"branchMap":{},"s":{"0":0,"1":0,"2":0,"3":0,"4":0,"5":0,"6":0,"7":0,"8":0,"9":0,"10":0},"f":{"0":0,"1":0,"2":0,"3":0,"4":0},"b":{}}
,"/Users/katunli/Dev/Projects/DryEye/electron/main.ts": {"path":"/Users/katunli/Dev/Projects/DryEye/electron/main.ts","statementMap":{"0":{"start":{"line":6,"column":0},"end":{"line":6,"column":null}},"1":{"start":{"line":7,"column":18},"end":{"line":7,"column":null}},"2":{"start":{"line":18,"column":0},"end":{"line":18,"column":null}},"3":{"start":{"line":21,"column":35},"end":{"line":21,"column":null}},"4":{"start":{"line":22,"column":25},"end":{"line":22,"column":null}},"5":{"start":{"line":23,"column":29},"end":{"line":23,"column":null}},"6":{"start":{"line":25,"column":0},"end":{"line":27,"column":null}},"7":{"start":{"line":32,"column":1},"end":{"line":37,"column":null}},"8":{"start":{"line":40,"column":1},"end":{"line":42,"column":null}},"9":{"start":{"line":41,"column":2},"end":{"line":41,"column":null}},"10":{"start":{"line":44,"column":1},"end":{"line":49,"column":null}},"11":{"start":{"line":45,"column":2},"end":{"line":45,"column":null}},"12":{"start":{"line":48,"column":2},"end":{"line":48,"column":null}},"13":{"start":{"line":55,"column":0},"end":{"line":60,"column":null}},"14":{"start":{"line":56,"column":1},"end":{"line":59,"column":null}},"15":{"start":{"line":57,"column":2},"end":{"line":57,"column":null}},"16":{"start":{"line":58,"column":2},"end":{"line":58,"column":null}},"17":{"start":{"line":62,"column":0},"end":{"line":68,"column":null}},"18":{"start":{"line":65,"column":1},"end":{"line":67,"column":null}},"19":{"start":{"line":66,"column":2},"end":{"line":66,"column":null}},"20":{"start":{"line":70,"column":0},"end":{"line":70,"column":null}}},"fnMap":{"0":{"name":"createWindow","decl":{"start":{"line":31,"column":9},"end":{"line":31,"column":24}},"loc":{"start":{"line":31,"column":24},"end":{"line":50,"column":null}}},"1":{"name":"(anonymous_1)","decl":{"start":{"line":40,"column":39},"end":{"line":40,"column":45}},"loc":{"start":{"line":40,"column":45},"end":{"line":42,"column":2}}},"2":{"name":"(anonymous_2)","decl":{"start":{"line":55,"column":28},"end":{"line":55,"column":34}},"loc":{"start":{"line":55,"column":34},"end":{"line":60,"column":1}}},"3":{"name":"(anonymous_3)","decl":{"start":{"line":62,"column":19},"end":{"line":62,"column":25}},"loc":{"start":{"line":62,"column":25},"end":{"line":68,"column":1}}}},"branchMap":{"0":{"loc":{"start":{"line":25,"column":26},"end":{"line":27,"column":null}},"type":"cond-expr","locations":[{"start":{"line":26,"column":3},"end":{"line":26,"column":null}},{"start":{"line":27,"column":3},"end":{"line":27,"column":null}}]},"1":{"loc":{"start":{"line":44,"column":1},"end":{"line":49,"column":null}},"type":"if","locations":[{"start":{"line":44,"column":1},"end":{"line":49,"column":null}},{"start":{"line":46,"column":8},"end":{"line":49,"column":null}}]},"2":{"loc":{"start":{"line":56,"column":1},"end":{"line":59,"column":null}},"type":"if","locations":[{"start":{"line":56,"column":1},"end":{"line":59,"column":null}},{"start":{},"end":{}}]},"3":{"loc":{"start":{"line":65,"column":1},"end":{"line":67,"column":null}},"type":"if","locations":[{"start":{"line":65,"column":1},"end":{"line":67,"column":null}},{"start":{},"end":{}}]}},"s":{"0":0,"1":0,"2":0,"3":0,"4":0,"5":0,"6":0,"7":0,"8":0,"9":0,"10":0,"11":0,"12":0,"13":0,"14":0,"15":0,"16":0,"17":0,"18":0,"19":0,"20":0},"f":{"0":0,"1":0,"2":0,"3":0},"b":{"0":[0,0],"1":[0,0],"2":[0,0],"3":[0,0]}}
,"/Users/katunli/Dev/Projects/DryEye/electron/preload.ts": {"path":"/Users/katunli/Dev/Projects/DryEye/electron/preload.ts","statementMap":{"0":{"start":{"line":4,"column":0},"end":{"line":24,"column":null}},"1":{"start":{"line":6,"column":32},"end":{"line":6,"column":null}},"2":{"start":{"line":7,"column":4},"end":{"line":7,"column":null}},"3":{"start":{"line":7,"column":55},"end":{"line":7,"column":79}},"4":{"start":{"line":10,"column":31},"end":{"line":10,"column":null}},"5":{"start":{"line":11,"column":4},"end":{"line":11,"column":null}},"6":{"start":{"line":14,"column":31},"end":{"line":14,"column":null}},"7":{"start":{"line":15,"column":4},"end":{"line":15,"column":null}},"8":{"start":{"line":18,"column":31},"end":{"line":18,"column":null}},"9":{"start":{"line":19,"column":4},"end":{"line":19,"column":null}}},"fnMap":{"0":{"name":"(anonymous_0)","decl":{"start":{"line":5,"column":2},"end":{"line":5,"column":8}},"loc":{"start":{"line":5,"column":49},"end":{"line":8,"column":null}}},"1":{"name":"(anonymous_1)","decl":{"start":{"line":7,"column":35},"end":{"line":7,"column":36}},"loc":{"start":{"line":7,"column":55},"end":{"line":7,"column":79}}},"2":{"name":"(anonymous_2)","decl":{"start":{"line":9,"column":2},"end":{"line":9,"column":9}},"loc":{"start":{"line":9,"column":51},"end":{"line":12,"column":null}}},"3":{"name":"(anonymous_3)","decl":{"start":{"line":13,"column":2},"end":{"line":13,"column":10}},"loc":{"start":{"line":13,"column":53},"end":{"line":16,"column":null}}},"4":{"name":"(anonymous_4)","decl":{"start":{"line":17,"column":2},"end":{"line":17,"column":12}},"loc":{"start":{"line":17,"column":57},"end":{"line":20,"column":null}}}},"branchMap":{},"s":{"0":0,"1":0,"2":0,"3":0,"4":0,"5":0,"6":0,"7":0,"8":0,"9":0},"f":{"0":0,"1":0,"2":0,"3":0,"4":0},"b":{}}
,"/Users/katunli/Dev/Projects/DryEye/src/app.tsx": {"path":"/Users/katunli/Dev/Projects/DryEye/src/app.tsx","statementMap":{"0":{"start":{"line":12,"column":29},"end":{"line":16,"column":null}},"1":{"start":{"line":18,"column":29},"end":{"line":18,"column":null}},"2":{"start":{"line":20,"column":22},"end":{"line":27,"column":null}},"3":{"start":{"line":21,"column":29},"end":{"line":21,"column":null}},"4":{"start":{"line":23,"column":3},"end":{"line":25,"column":null}},"5":{"start":{"line":26,"column":2},"end":{"line":26,"column":null}},"6":{"start":{"line":29,"column":1},"end":{"line":71,"column":null}}},"fnMap":{"0":{"name":"App","decl":{"start":{"line":11,"column":24},"end":{"line":11,"column":30}},"loc":{"start":{"line":11,"column":30},"end":{"line":73,"column":null}}},"1":{"name":"(anonymous_1)","decl":{"start":{"line":20,"column":22},"end":{"line":20,"column":28}},"loc":{"start":{"line":20,"column":28},"end":{"line":27,"column":null}}}},"branchMap":{"0":{"loc":{"start":{"line":23,"column":3},"end":{"line":25,"column":null}},"type":"cond-expr","locations":[{"start":{"line":24,"column":6},"end":{"line":24,"column":null}},{"start":{"line":25,"column":6},"end":{"line":25,"column":null}}]}},"s":{"0":3,"1":3,"2":3,"3":1,"4":1,"5":1,"6":3},"f":{"0":3,"1":1},"b":{"0":[0,1]}}
,"/Users/katunli/Dev/Projects/DryEye/src/main.tsx": {"path":"/Users/katunli/Dev/Projects/DryEye/src/main.tsx","statementMap":{"0":{"start":{"line":7,"column":0},"end":{"line":11,"column":null}},"1":{"start":{"line":14,"column":0},"end":{"line":16,"column":null}},"2":{"start":{"line":15,"column":1},"end":{"line":15,"column":null}}},"fnMap":{"0":{"name":"(anonymous_0)","decl":{"start":{"line":14,"column":46},"end":{"line":14,"column":47}},"loc":{"start":{"line":14,"column":67},"end":{"line":16,"column":1}}}},"branchMap":{},"s":{"0":0,"1":0,"2":0},"f":{"0":0},"b":{}}
,"/Users/katunli/Dev/Projects/DryEye/src/components/button.tsx": {"path":"/Users/katunli/Dev/Projects/DryEye/src/components/button.tsx","statementMap":{"0":{"start":{"line":7,"column":23},"end":{"line":35,"column":null}},"1":{"start":{"line":43,"column":15},"end":{"line":54,"column":null}},"2":{"start":{"line":45,"column":15},"end":{"line":45,"column":null}},"3":{"start":{"line":46,"column":2},"end":{"line":51,"column":null}},"4":{"start":{"line":55,"column":0},"end":{"line":55,"column":null}}},"fnMap":{"0":{"name":"(anonymous_0)","decl":{"start":{"line":44,"column":1},"end":{"line":44,"column":2}},"loc":{"start":{"line":44,"column":67},"end":{"line":53,"column":null}}}},"branchMap":{"0":{"loc":{"start":{"line":44,"column":30},"end":{"line":44,"column":47}},"type":"default-arg","locations":[{"start":{"line":44,"column":40},"end":{"line":44,"column":47}}]},"1":{"loc":{"start":{"line":45,"column":15},"end":{"line":45,"column":null}},"type":"cond-expr","locations":[{"start":{"line":45,"column":25},"end":{"line":45,"column":32}},{"start":{"line":45,"column":32},"end":{"line":45,"column":null}}]}},"s":{"0":1,"1":1,"2":3,"3":3,"4":1},"f":{"0":3},"b":{"0":[3],"1":[0,3]}}
,"/Users/katunli/Dev/Projects/DryEye/src/lib/utils.ts": {"path":"/Users/katunli/Dev/Projects/DryEye/src/lib/utils.ts","statementMap":{"0":{"start":{"line":5,"column":2},"end":{"line":5,"column":null}}},"fnMap":{"0":{"name":"cn","decl":{"start":{"line":4,"column":16},"end":{"line":4,"column":22}},"loc":{"start":{"line":4,"column":44},"end":{"line":6,"column":null}}}},"branchMap":{},"s":{"0":3},"f":{"0":3},"b":{}}
}
